[14-Mar-2025 08:43:14 UTC] Automatic updates starting...
[14-Mar-2025 08:43:15 UTC]   Automatic plugin updates starting...
[14-Mar-2025 08:43:15 UTC]   Automatic plugin updates complete.
[14-Mar-2025 08:43:16 UTC]   Automatic theme updates starting...
[14-Mar-2025 08:43:16 UTC]   Automatic theme updates complete.
[14-Mar-2025 08:43:16 UTC] Automatic updates complete.
[14-Mar-2025 09:55:12 UTC] PHP Fatal error:  Uncaught Error: Class "JWT" not found in C:\wamp64\www\blog-mgmt\wordpress\wp-content\themes\blog-mgmt\inc\rest-api.php:171
Stack trace:
#0 C:\wamp64\www\blog-mgmt\wordpress\wp-content\themes\blog-mgmt\inc\rest-api.php(151): generate_jwt_token(Object(WP_User))
#1 C:\wamp64\www\blog-mgmt\wordpress\wp-includes\rest-api\class-wp-rest-server.php(1292): custom_login(Object(WP_REST_Request))
#2 C:\wamp64\www\blog-mgmt\wordpress\wp-includes\rest-api\class-wp-rest-server.php(1125): WP_REST_Server->respond_to_request(Object(WP_REST_Request), '/custom/v1/logi...', Array, NULL)
#3 C:\wamp64\www\blog-mgmt\wordpress\wp-includes\rest-api\class-wp-rest-server.php(439): WP_REST_Server->dispatch(Object(WP_REST_Request))
#4 C:\wamp64\www\blog-mgmt\wordpress\wp-includes\rest-api.php(449): WP_REST_Server->serve_request('/custom/v1/logi...')
#5 C:\wamp64\www\blog-mgmt\wordpress\wp-includes\class-wp-hook.php(324): rest_api_loaded(Object(WP))
#6 C:\wamp64\www\blog-mgmt\wordpress\wp-includes\class-wp-hook.php(348): WP_Hook->apply_filters('', Array)
#7 C:\wamp64\www\blog-mgmt\wordpress\wp-includes\plugin.php(565): WP_Hook->do_action(Array)
#8 C:\wamp64\www\blog-mgmt\wordpress\wp-includes\class-wp.php(418): do_action_ref_array('parse_request', Array)
#9 C:\wamp64\www\blog-mgmt\wordpress\wp-includes\class-wp.php(813): WP->parse_request('')
#10 C:\wamp64\www\blog-mgmt\wordpress\wp-includes\functions.php(1336): WP->main('')
#11 C:\wamp64\www\blog-mgmt\wordpress\wp-blog-header.php(16): wp()
#12 C:\wamp64\www\blog-mgmt\wordpress\index.php(17): require('C:\\wamp64\\www\\b...')
#13 {main}
  thrown in C:\wamp64\www\blog-mgmt\wordpress\wp-content\themes\blog-mgmt\inc\rest-api.php on line 171
[14-Mar-2025 09:55:19 UTC] PHP Fatal error:  Uncaught Error: Class "JWT" not found in C:\wamp64\www\blog-mgmt\wordpress\wp-content\themes\blog-mgmt\inc\rest-api.php:171
Stack trace:
#0 C:\wamp64\www\blog-mgmt\wordpress\wp-content\themes\blog-mgmt\inc\rest-api.php(151): generate_jwt_token(Object(WP_User))
#1 C:\wamp64\www\blog-mgmt\wordpress\wp-includes\rest-api\class-wp-rest-server.php(1292): custom_login(Object(WP_REST_Request))
#2 C:\wamp64\www\blog-mgmt\wordpress\wp-includes\rest-api\class-wp-rest-server.php(1125): WP_REST_Server->respond_to_request(Object(WP_REST_Request), '/custom/v1/logi...', Array, NULL)
#3 C:\wamp64\www\blog-mgmt\wordpress\wp-includes\rest-api\class-wp-rest-server.php(439): WP_REST_Server->dispatch(Object(WP_REST_Request))
#4 C:\wamp64\www\blog-mgmt\wordpress\wp-includes\rest-api.php(449): WP_REST_Server->serve_request('/custom/v1/logi...')
#5 C:\wamp64\www\blog-mgmt\wordpress\wp-includes\class-wp-hook.php(324): rest_api_loaded(Object(WP))
#6 C:\wamp64\www\blog-mgmt\wordpress\wp-includes\class-wp-hook.php(348): WP_Hook->apply_filters('', Array)
#7 C:\wamp64\www\blog-mgmt\wordpress\wp-includes\plugin.php(565): WP_Hook->do_action(Array)
#8 C:\wamp64\www\blog-mgmt\wordpress\wp-includes\class-wp.php(418): do_action_ref_array('parse_request', Array)
#9 C:\wamp64\www\blog-mgmt\wordpress\wp-includes\class-wp.php(813): WP->parse_request('')
#10 C:\wamp64\www\blog-mgmt\wordpress\wp-includes\functions.php(1336): WP->main('')
#11 C:\wamp64\www\blog-mgmt\wordpress\wp-blog-header.php(16): wp()
#12 C:\wamp64\www\blog-mgmt\wordpress\index.php(17): require('C:\\wamp64\\www\\b...')
#13 {main}
  thrown in C:\wamp64\www\blog-mgmt\wordpress\wp-content\themes\blog-mgmt\inc\rest-api.php on line 171
[14-Mar-2025 13:19:33 UTC] PHP Warning:  Cannot modify header information - headers already sent by (output started at C:\wamp64\www\blog-mgmt\wordpress\wp-includes\script-loader.php:2938) in C:\wamp64\www\blog-mgmt\wordpress\wp-content\plugins\jwt-authentication-for-wp-rest-api\public\class-jwt-auth-public.php on line 112
[14-Mar-2025 13:19:33 UTC] PHP Stack trace:
[14-Mar-2025 13:19:33 UTC] PHP   1. {main}() C:\wamp64\www\blog-mgmt\wordpress\wp-admin\admin.php:0
[14-Mar-2025 13:19:33 UTC] PHP   2. do_action($hook_name = 'toplevel_page_mo_api_authentication_settings') C:\wamp64\www\blog-mgmt\wordpress\wp-admin\admin.php:259
[14-Mar-2025 13:19:33 UTC] PHP   3. WP_Hook->do_action($args = [0 => '']) C:\wamp64\www\blog-mgmt\wordpress\wp-includes\plugin.php:517
[14-Mar-2025 13:19:33 UTC] PHP   4. WP_Hook->apply_filters($value = '', $args = [0 => '']) C:\wamp64\www\blog-mgmt\wordpress\wp-includes\class-wp-hook.php:348
[14-Mar-2025 13:19:34 UTC] PHP   5. Miniorange_API_Authentication_Admin->mo_api_auth_menu_options('') C:\wamp64\www\blog-mgmt\wordpress\wp-includes\class-wp-hook.php:324
[14-Mar-2025 13:19:34 UTC] PHP   6. mo_api_authentication_main_menu() C:\wamp64\www\blog-mgmt\wordpress\wp-content\plugins\wp-rest-api-authentication\admin\class-miniorange-api-authentication-admin.php:204
[14-Mar-2025 13:19:34 UTC] PHP   7. Mo_API_Authentication_Admin_Menu::mo_api_auth_show_tab($currenttab = 'protectedrestapis') C:\wamp64\www\blog-mgmt\wordpress\wp-content\plugins\wp-rest-api-authentication\admin\partials\class-mo-api-authentication-admin-menu.php:149
[14-Mar-2025 13:19:34 UTC] PHP   8. Mo_API_Authentication_ProtectedRestAPIs::mo_api_authentication_protected_restapis() C:\wamp64\www\blog-mgmt\wordpress\wp-content\plugins\wp-rest-api-authentication\admin\partials\class-mo-api-authentication-admin-menu.php:186
[14-Mar-2025 13:19:34 UTC] PHP   9. Mo_API_Authentication_ProtectedRestAPIs::protect_wp_rest_apis() C:\wamp64\www\blog-mgmt\wordpress\wp-content\plugins\wp-rest-api-authentication\admin\partials\advanced\class-mo-api-authentication-protectedrestapis.php:27
[14-Mar-2025 13:19:34 UTC] PHP  10. rest_get_server() C:\wamp64\www\blog-mgmt\wordpress\wp-content\plugins\wp-rest-api-authentication\admin\partials\advanced\class-mo-api-authentication-protectedrestapis.php:36
[14-Mar-2025 13:19:34 UTC] PHP  11. do_action($hook_name = 'rest_api_init', ...$arg = variadic(class WP_REST_Server { protected $namespaces = ['oembed/1.0' => [...], 'akismet/v1' => [...]]; protected $endpoints = ['/' => [...], '/batch/v1' => [...], '/oembed/1.0' => [...], '/oembed/1.0/embed' => [...], '/oembed/1.0/proxy' => [...], '/akismet/v1' => [...], '/akismet/v1/key' => [...], '/akismet/v1/settings' => [...], '/akismet/v1/stats' => [...], '/akismet/v1/stats/(?P<interval>[\w+])' => [...], '/akismet/v1/alert' => [...], '/akismet/v1/webhook' => [...]]; protected $route_options = []; protected $embed_cache = []; protected $dispatching_requests = [] })) C:\wamp64\www\blog-mgmt\wordpress\wp-includes\rest-api.php:618
[14-Mar-2025 13:19:34 UTC] PHP  12. WP_Hook->do_action($args = [0 => class WP_REST_Server { protected $namespaces = [...]; protected $endpoints = [...]; protected $route_options = [...]; protected $embed_cache = [...]; protected $dispatching_requests = [...] }]) C:\wamp64\www\blog-mgmt\wordpress\wp-includes\plugin.php:517
[14-Mar-2025 13:19:34 UTC] PHP  13. WP_Hook->apply_filters($value = '', $args = [0 => class WP_REST_Server { protected $namespaces = [...]; protected $endpoints = [...]; protected $route_options = [...]; protected $embed_cache = [...]; protected $dispatching_requests = [...] }]) C:\wamp64\www\blog-mgmt\wordpress\wp-includes\class-wp-hook.php:348
[14-Mar-2025 13:19:34 UTC] PHP  14. Jwt_Auth_Public->add_cors_support(class WP_REST_Server { protected $namespaces = ['oembed/1.0' => [...], 'akismet/v1' => [...]]; protected $endpoints = ['/' => [...], '/batch/v1' => [...], '/oembed/1.0' => [...], '/oembed/1.0/embed' => [...], '/oembed/1.0/proxy' => [...], '/akismet/v1' => [...], '/akismet/v1/key' => [...], '/akismet/v1/settings' => [...], '/akismet/v1/stats' => [...], '/akismet/v1/stats/(?P<interval>[\w+])' => [...], '/akismet/v1/alert' => [...], '/akismet/v1/webhook' => [...]]; protected $route_options = []; protected $embed_cache = []; protected $dispatching_requests = [] }) C:\wamp64\www\blog-mgmt\wordpress\wp-includes\class-wp-hook.php:324
[14-Mar-2025 13:19:34 UTC] PHP  15. header($header = 'Access-Control-Allow-Headers: Access-Control-Allow-Headers, Content-Type, Authorization') C:\wamp64\www\blog-mgmt\wordpress\wp-content\plugins\jwt-authentication-for-wp-rest-api\public\class-jwt-auth-public.php:112
[14-Mar-2025 13:53:31 UTC] PHP Notice:  Function register_rest_route was called <strong>incorrectly</strong>. The REST API route definition for <code>custom/v1/blog-posts</code> is missing the required <code>permission_callback</code> argument. For REST API routes that are intended to be public, use <code>__return_true</code> as the permission callback. Please see <a href="https://developer.wordpress.org/advanced-administration/debug/debug-wordpress/">Debugging in WordPress</a> for more information. (This message was added in version 5.5.0.) in C:\wamp64\www\blog-mgmt\wordpress\wp-includes\functions.php on line 6114
[14-Mar-2025 13:53:31 UTC] PHP Stack trace:
[14-Mar-2025 13:53:31 UTC] PHP   1. {main}() C:\wamp64\www\blog-mgmt\wordpress\wp-admin\post-new.php:0
[14-Mar-2025 13:53:31 UTC] PHP   2. require() C:\wamp64\www\blog-mgmt\wordpress\wp-admin\post-new.php:72
[14-Mar-2025 13:53:31 UTC] PHP   3. block_editor_rest_api_preload($preload_paths = [0 => '/wp/v2/types?context=view', 1 => '/wp/v2/taxonomies?context=view', 2 => '/custom/v1/posts/14?context=edit', 3 => '/wp/v2/types/blog-post?context=edit', 4 => '/wp/v2/users/me', 5 => [0 => '/wp/v2/media', 1 => 'OPTIONS'], 6 => [0 => '/wp/v2/pages', 1 => 'OPTIONS'], 7 => [0 => '/wp/v2/blocks', 1 => 'OPTIONS'], 8 => [0 => '/wp/v2/templates', 1 => 'OPTIONS'], 9 => '/custom/v1/posts/14/autosaves?context=edit', 10 => '/wp/v2/settings', 11 => [0 => '/wp/v2/settings', 1 => 'OPTIONS'], 12 => '/wp/v2/global-styles/themes/blog-mgmt?context=view', 13 => '/wp/v2/global-styles/themes/blog-mgmt/variations?context=view', 14 => '/wp/v2/themes?context=edit&status=active', 15 => [0 => '/wp/v2/global-styles/', 1 => 'OPTIONS'], 16 => '/wp/v2/global-styles/?context=edit'], $block_editor_context = class WP_Block_Editor_Context { public $name = 'core/edit-post'; public $post = class WP_Post { public $ID = 14; public $post_author = '1'; public $post_date = '2025-03-14 13:53:31'; public $post_date_gmt = '0000-00-00 00:00:00'; public $post_content = ''; public $post_title = ''; public $post_excerpt = ''; public $post_status = 'auto-draft'; public $comment_status = 'closed'; public $ping_status = 'closed'; public $post_password = ''; public $post_name = ''; public $to_ping = ''; public $pinged = ''; public $post_modified = '2025-03-14 13:53:31'; public $post_modified_gmt = '0000-00-00 00:00:00'; public $post_content_filtered = ''; public $post_parent = 0; public $guid = 'http://localhost/blog-mgmt/wordpress/?post_type=blog-post&p=14'; public $menu_order = 0; public $post_type = 'blog-post'; public $post_mime_type = ''; public $comment_count = '0'; public $filter = 'raw' } }) C:\wamp64\www\blog-mgmt\wordpress\wp-admin\edit-form-blocks.php:77
[14-Mar-2025 13:53:31 UTC] PHP   4. array_reduce($array = [0 => '/wp/v2/types?context=view', 1 => '/wp/v2/taxonomies?context=view', 2 => '/custom/v1/posts/14?context=edit', 3 => '/wp/v2/types/blog-post?context=edit', 4 => '/wp/v2/users/me', 5 => [0 => '/wp/v2/media', 1 => 'OPTIONS'], 6 => [0 => '/wp/v2/pages', 1 => 'OPTIONS'], 7 => [0 => '/wp/v2/blocks', 1 => 'OPTIONS'], 8 => [0 => '/wp/v2/templates', 1 => 'OPTIONS'], 9 => '/custom/v1/posts/14/autosaves?context=edit', 10 => '/wp/v2/settings', 11 => [0 => '/wp/v2/settings', 1 => 'OPTIONS'], 12 => '/wp/v2/global-styles/themes/blog-mgmt?context=view', 13 => '/wp/v2/global-styles/themes/blog-mgmt/variations?context=view', 14 => '/wp/v2/themes?context=edit&status=active', 15 => [0 => '/wp/v2/global-styles/', 1 => 'OPTIONS'], 16 => '/wp/v2/global-styles/?context=edit'], $callback = 'rest_preload_api_request', $initial = []) C:\wamp64\www\blog-mgmt\wordpress\wp-includes\block-editor.php:753
[14-Mar-2025 13:53:31 UTC] PHP   5. rest_preload_api_request($memo = [], $path = '/wp/v2/types?context=view') C:\wamp64\www\blog-mgmt\wordpress\wp-includes\block-editor.php:753
[14-Mar-2025 13:53:31 UTC] PHP   6. rest_do_request($request = class WP_REST_Request { protected $method = 'GET'; protected $params = ['URL' => [...], 'GET' => [...], 'POST' => [...], 'FILES' => [...], 'JSON' => NULL, 'defaults' => [...]]; protected $headers = []; protected $body = NULL; protected $route = '/wp/v2/types'; protected $attributes = []; protected $parsed_json = FALSE; protected $parsed_body = FALSE }) C:\wamp64\www\blog-mgmt\wordpress\wp-includes\rest-api.php:2957
[14-Mar-2025 13:53:31 UTC] PHP   7. rest_get_server() C:\wamp64\www\blog-mgmt\wordpress\wp-includes\rest-api.php:576
[14-Mar-2025 13:53:31 UTC] PHP   8. do_action($hook_name = 'rest_api_init', ...$arg = variadic(class WP_REST_Server { protected $namespaces = ['oembed/1.0' => [...], 'akismet/v1' => [...], 'jwt-auth/v1' => [...]]; protected $endpoints = ['/' => [...], '/batch/v1' => [...], '/oembed/1.0' => [...], '/oembed/1.0/embed' => [...], '/oembed/1.0/proxy' => [...], '/akismet/v1' => [...], '/akismet/v1/key' => [...], '/akismet/v1/settings' => [...], '/akismet/v1/stats' => [...], '/akismet/v1/stats/(?P<interval>[\w+])' => [...], '/akismet/v1/alert' => [...], '/akismet/v1/webhook' => [...], '/jwt-auth/v1' => [...], '/jwt-auth/v1/token' => [...], '/jwt-auth/v1/token/validate' => [...]]; protected $route_options = []; protected $embed_cache = []; protected $dispatching_requests = [] })) C:\wamp64\www\blog-mgmt\wordpress\wp-includes\rest-api.php:618
[14-Mar-2025 13:53:31 UTC] PHP   9. WP_Hook->do_action($args = [0 => class WP_REST_Server { protected $namespaces = [...]; protected $endpoints = [...]; protected $route_options = [...]; protected $embed_cache = [...]; protected $dispatching_requests = [...] }]) C:\wamp64\www\blog-mgmt\wordpress\wp-includes\plugin.php:517
[14-Mar-2025 13:53:31 UTC] PHP  10. WP_Hook->apply_filters($value = '', $args = [0 => class WP_REST_Server { protected $namespaces = [...]; protected $endpoints = [...]; protected $route_options = [...]; protected $embed_cache = [...]; protected $dispatching_requests = [...] }]) C:\wamp64\www\blog-mgmt\wordpress\wp-includes\class-wp-hook.php:348
[14-Mar-2025 13:53:31 UTC] PHP  11. register_blog_post_api_routes(class WP_REST_Server { protected $namespaces = ['oembed/1.0' => [...], 'akismet/v1' => [...], 'jwt-auth/v1' => [...]]; protected $endpoints = ['/' => [...], '/batch/v1' => [...], '/oembed/1.0' => [...], '/oembed/1.0/embed' => [...], '/oembed/1.0/proxy' => [...], '/akismet/v1' => [...], '/akismet/v1/key' => [...], '/akismet/v1/settings' => [...], '/akismet/v1/stats' => [...], '/akismet/v1/stats/(?P<interval>[\w+])' => [...], '/akismet/v1/alert' => [...], '/akismet/v1/webhook' => [...], '/jwt-auth/v1' => [...], '/jwt-auth/v1/token' => [...], '/jwt-auth/v1/token/validate' => [...]]; protected $route_options = []; protected $embed_cache = []; protected $dispatching_requests = [] }) C:\wamp64\www\blog-mgmt\wordpress\wp-includes\class-wp-hook.php:324
[14-Mar-2025 13:53:31 UTC] PHP  12. register_rest_route($route_namespace = 'custom/v1', $route = '/blog-posts', $args = ['methods' => 'GET', 'callback' => 'blog_post_api_get_posts'], $override = *uninitialized*) C:\wamp64\www\blog-mgmt\wordpress\wp-content\themes\blog-mgmt\inc\rest-api.php:9
[14-Mar-2025 13:53:31 UTC] PHP  13. _doing_it_wrong($function_name = 'register_rest_route', $message = 'The REST API route definition for <code>custom/v1/blog-posts</code> is missing the required <code>permission_callback</code> argument. For REST API routes that are intended to be public, use <code>__return_true</code> as the permission callback.', $version = '5.5.0') C:\wamp64\www\blog-mgmt\wordpress\wp-includes\rest-api.php:123
[14-Mar-2025 13:53:31 UTC] PHP  14. wp_trigger_error($function_name = '', $message = 'Function register_rest_route was called <strong>incorrectly</strong>. The REST API route definition for <code>custom/v1/blog-posts</code> is missing the required <code>permission_callback</code> argument. For REST API routes that are intended to be public, use <code>__return_true</code> as the permission callback. Please see <a href="https://developer.wordpress.org/advanced-administration/debug/debug-wordpress/">Debugging in WordPress</a> for more information. (This message was added in version 5.5.0.)', $error_level = *uninitialized*) C:\wamp64\www\blog-mgmt\wordpress\wp-includes\functions.php:6054
[14-Mar-2025 13:53:31 UTC] PHP  15. trigger_error($message = 'Function register_rest_route was called <strong>incorrectly</strong>. The REST API route definition for <code>custom/v1/blog-posts</code> is missing the required <code>permission_callback</code> argument. For REST API routes that are intended to be public, use <code>__return_true</code> as the permission callback. Please see <a href="https://developer.wordpress.org/advanced-administration/debug/debug-wordpress/">Debugging in WordPress</a> for more information. (This message was added in version 5.5.0.)', $error_level = 1024) C:\wamp64\www\blog-mgmt\wordpress\wp-includes\functions.php:6114
[14-Mar-2025 13:57:21 UTC] PHP Notice:  Function register_rest_route was called <strong>incorrectly</strong>. The REST API route definition for <code>custom/v1/blog-posts</code> is missing the required <code>permission_callback</code> argument. For REST API routes that are intended to be public, use <code>__return_true</code> as the permission callback. Please see <a href="https://developer.wordpress.org/advanced-administration/debug/debug-wordpress/">Debugging in WordPress</a> for more information. (This message was added in version 5.5.0.) in C:\wamp64\www\blog-mgmt\wordpress\wp-includes\functions.php on line 6114
[14-Mar-2025 13:57:21 UTC] PHP Stack trace:
[14-Mar-2025 13:57:21 UTC] PHP   1. {main}() C:\wamp64\www\blog-mgmt\wordpress\wp-admin\post.php:0
[14-Mar-2025 13:57:21 UTC] PHP   2. require() C:\wamp64\www\blog-mgmt\wordpress\wp-admin\post.php:187
[14-Mar-2025 13:57:21 UTC] PHP   3. block_editor_rest_api_preload($preload_paths = [0 => '/wp/v2/types?context=view', 1 => '/wp/v2/taxonomies?context=view', 2 => '/custom/v1/posts/11?context=edit', 3 => '/wp/v2/types/blog-post?context=edit', 4 => '/wp/v2/users/me', 5 => [0 => '/wp/v2/media', 1 => 'OPTIONS'], 6 => [0 => '/wp/v2/pages', 1 => 'OPTIONS'], 7 => [0 => '/wp/v2/blocks', 1 => 'OPTIONS'], 8 => [0 => '/wp/v2/templates', 1 => 'OPTIONS'], 9 => '/custom/v1/posts/11/autosaves?context=edit', 10 => '/wp/v2/settings', 11 => [0 => '/wp/v2/settings', 1 => 'OPTIONS'], 12 => '/wp/v2/global-styles/themes/blog-mgmt?context=view', 13 => '/wp/v2/global-styles/themes/blog-mgmt/variations?context=view', 14 => '/wp/v2/themes?context=edit&status=active', 15 => [0 => '/wp/v2/global-styles/', 1 => 'OPTIONS'], 16 => '/wp/v2/global-styles/?context=edit'], $block_editor_context = class WP_Block_Editor_Context { public $name = 'core/edit-post'; public $post = class WP_Post { public $ID = 11; public $post_author = '1'; public $post_date = '2025-03-13 20:31:04'; public $post_date_gmt = '2025-03-13 20:31:04'; public $post_content = ''; public $post_title = 'Blog 1'; public $post_excerpt = ''; public $post_status = 'publish'; public $comment_status = 'closed'; public $ping_status = 'closed'; public $post_password = ''; public $post_name = 'blog-1'; public $to_ping = ''; public $pinged = ''; public $post_modified = '2025-03-13 20:31:04'; public $post_modified_gmt = '2025-03-13 20:31:04'; public $post_content_filtered = ''; public $post_parent = 0; public $guid = 'http://localhost/blog-mgmt/wordpress/?post_type=blog-post&#038;p=11'; public $menu_order = 0; public $post_type = 'blog-post'; public $post_mime_type = ''; public $comment_count = '0'; public $filter = 'raw' } }) C:\wamp64\www\blog-mgmt\wordpress\wp-admin\edit-form-blocks.php:77
[14-Mar-2025 13:57:21 UTC] PHP   4. array_reduce($array = [0 => '/wp/v2/types?context=view', 1 => '/wp/v2/taxonomies?context=view', 2 => '/custom/v1/posts/11?context=edit', 3 => '/wp/v2/types/blog-post?context=edit', 4 => '/wp/v2/users/me', 5 => [0 => '/wp/v2/media', 1 => 'OPTIONS'], 6 => [0 => '/wp/v2/pages', 1 => 'OPTIONS'], 7 => [0 => '/wp/v2/blocks', 1 => 'OPTIONS'], 8 => [0 => '/wp/v2/templates', 1 => 'OPTIONS'], 9 => '/custom/v1/posts/11/autosaves?context=edit', 10 => '/wp/v2/settings', 11 => [0 => '/wp/v2/settings', 1 => 'OPTIONS'], 12 => '/wp/v2/global-styles/themes/blog-mgmt?context=view', 13 => '/wp/v2/global-styles/themes/blog-mgmt/variations?context=view', 14 => '/wp/v2/themes?context=edit&status=active', 15 => [0 => '/wp/v2/global-styles/', 1 => 'OPTIONS'], 16 => '/wp/v2/global-styles/?context=edit'], $callback = 'rest_preload_api_request', $initial = []) C:\wamp64\www\blog-mgmt\wordpress\wp-includes\block-editor.php:753
[14-Mar-2025 13:57:21 UTC] PHP   5. rest_preload_api_request($memo = [], $path = '/wp/v2/types?context=view') C:\wamp64\www\blog-mgmt\wordpress\wp-includes\block-editor.php:753
[14-Mar-2025 13:57:21 UTC] PHP   6. rest_do_request($request = class WP_REST_Request { protected $method = 'GET'; protected $params = ['URL' => [...], 'GET' => [...], 'POST' => [...], 'FILES' => [...], 'JSON' => NULL, 'defaults' => [...]]; protected $headers = []; protected $body = NULL; protected $route = '/wp/v2/types'; protected $attributes = []; protected $parsed_json = FALSE; protected $parsed_body = FALSE }) C:\wamp64\www\blog-mgmt\wordpress\wp-includes\rest-api.php:2957
[14-Mar-2025 13:57:21 UTC] PHP   7. rest_get_server() C:\wamp64\www\blog-mgmt\wordpress\wp-includes\rest-api.php:576
[14-Mar-2025 13:57:21 UTC] PHP   8. do_action($hook_name = 'rest_api_init', ...$arg = variadic(class WP_REST_Server { protected $namespaces = ['oembed/1.0' => [...], 'akismet/v1' => [...], 'jwt-auth/v1' => [...]]; protected $endpoints = ['/' => [...], '/batch/v1' => [...], '/oembed/1.0' => [...], '/oembed/1.0/embed' => [...], '/oembed/1.0/proxy' => [...], '/akismet/v1' => [...], '/akismet/v1/key' => [...], '/akismet/v1/settings' => [...], '/akismet/v1/stats' => [...], '/akismet/v1/stats/(?P<interval>[\w+])' => [...], '/akismet/v1/alert' => [...], '/akismet/v1/webhook' => [...], '/jwt-auth/v1' => [...], '/jwt-auth/v1/token' => [...], '/jwt-auth/v1/token/validate' => [...]]; protected $route_options = []; protected $embed_cache = []; protected $dispatching_requests = [] })) C:\wamp64\www\blog-mgmt\wordpress\wp-includes\rest-api.php:618
[14-Mar-2025 13:57:21 UTC] PHP   9. WP_Hook->do_action($args = [0 => class WP_REST_Server { protected $namespaces = [...]; protected $endpoints = [...]; protected $route_options = [...]; protected $embed_cache = [...]; protected $dispatching_requests = [...] }]) C:\wamp64\www\blog-mgmt\wordpress\wp-includes\plugin.php:517
[14-Mar-2025 13:57:21 UTC] PHP  10. WP_Hook->apply_filters($value = '', $args = [0 => class WP_REST_Server { protected $namespaces = [...]; protected $endpoints = [...]; protected $route_options = [...]; protected $embed_cache = [...]; protected $dispatching_requests = [...] }]) C:\wamp64\www\blog-mgmt\wordpress\wp-includes\class-wp-hook.php:348
[14-Mar-2025 13:57:21 UTC] PHP  11. register_blog_post_api_routes(class WP_REST_Server { protected $namespaces = ['oembed/1.0' => [...], 'akismet/v1' => [...], 'jwt-auth/v1' => [...]]; protected $endpoints = ['/' => [...], '/batch/v1' => [...], '/oembed/1.0' => [...], '/oembed/1.0/embed' => [...], '/oembed/1.0/proxy' => [...], '/akismet/v1' => [...], '/akismet/v1/key' => [...], '/akismet/v1/settings' => [...], '/akismet/v1/stats' => [...], '/akismet/v1/stats/(?P<interval>[\w+])' => [...], '/akismet/v1/alert' => [...], '/akismet/v1/webhook' => [...], '/jwt-auth/v1' => [...], '/jwt-auth/v1/token' => [...], '/jwt-auth/v1/token/validate' => [...]]; protected $route_options = []; protected $embed_cache = []; protected $dispatching_requests = [] }) C:\wamp64\www\blog-mgmt\wordpress\wp-includes\class-wp-hook.php:324
[14-Mar-2025 13:57:21 UTC] PHP  12. register_rest_route($route_namespace = 'custom/v1', $route = '/blog-posts', $args = ['methods' => 'GET', 'callback' => 'blog_post_api_get_posts'], $override = *uninitialized*) C:\wamp64\www\blog-mgmt\wordpress\wp-content\themes\blog-mgmt\inc\rest-api.php:9
[14-Mar-2025 13:57:21 UTC] PHP  13. _doing_it_wrong($function_name = 'register_rest_route', $message = 'The REST API route definition for <code>custom/v1/blog-posts</code> is missing the required <code>permission_callback</code> argument. For REST API routes that are intended to be public, use <code>__return_true</code> as the permission callback.', $version = '5.5.0') C:\wamp64\www\blog-mgmt\wordpress\wp-includes\rest-api.php:123
[14-Mar-2025 13:57:21 UTC] PHP  14. wp_trigger_error($function_name = '', $message = 'Function register_rest_route was called <strong>incorrectly</strong>. The REST API route definition for <code>custom/v1/blog-posts</code> is missing the required <code>permission_callback</code> argument. For REST API routes that are intended to be public, use <code>__return_true</code> as the permission callback. Please see <a href="https://developer.wordpress.org/advanced-administration/debug/debug-wordpress/">Debugging in WordPress</a> for more information. (This message was added in version 5.5.0.)', $error_level = *uninitialized*) C:\wamp64\www\blog-mgmt\wordpress\wp-includes\functions.php:6054
[14-Mar-2025 13:57:21 UTC] PHP  15. trigger_error($message = 'Function register_rest_route was called <strong>incorrectly</strong>. The REST API route definition for <code>custom/v1/blog-posts</code> is missing the required <code>permission_callback</code> argument. For REST API routes that are intended to be public, use <code>__return_true</code> as the permission callback. Please see <a href="https://developer.wordpress.org/advanced-administration/debug/debug-wordpress/">Debugging in WordPress</a> for more information. (This message was added in version 5.5.0.)', $error_level = 1024) C:\wamp64\www\blog-mgmt\wordpress\wp-includes\functions.php:6114
[14-Mar-2025 14:23:14 UTC] PHP Notice:  Function register_rest_route was called <strong>incorrectly</strong>. REST API routes must be registered on the <code>rest_api_init</code> action. Instead route '<code>/blog-posts</code>' with namespace '<code>custom/v1</code>' was not registered on this action. Please see <a href="https://developer.wordpress.org/advanced-administration/debug/debug-wordpress/">Debugging in WordPress</a> for more information. (This message was added in version 5.1.0.) in C:\wamp64\www\blog-mgmt\wordpress\wp-includes\functions.php on line 6114
[14-Mar-2025 14:23:14 UTC] PHP Notice:  Function register_rest_route was called <strong>incorrectly</strong>. REST API routes must be registered on the <code>rest_api_init</code> action. Instead route '<code>/blog-posts</code>' with namespace '<code>custom/v1</code>' was not registered on this action. Please see <a href="https://developer.wordpress.org/advanced-administration/debug/debug-wordpress/">Debugging in WordPress</a> for more information. (This message was added in version 5.1.0.) in C:\wamp64\www\blog-mgmt\wordpress\wp-includes\functions.php on line 6114
[14-Mar-2025 14:23:14 UTC] PHP Stack trace:
[14-Mar-2025 14:23:14 UTC] PHP Stack trace:
[14-Mar-2025 14:23:14 UTC] PHP   1. {main}() C:\wamp64\www\blog-mgmt\wordpress\index.php:0
[14-Mar-2025 14:23:14 UTC] PHP   1. {main}() C:\wamp64\www\blog-mgmt\wordpress\index.php:0
[14-Mar-2025 14:23:14 UTC] PHP   2. require() C:\wamp64\www\blog-mgmt\wordpress\index.php:17
[14-Mar-2025 14:23:14 UTC] PHP   2. require() C:\wamp64\www\blog-mgmt\wordpress\index.php:17
[14-Mar-2025 14:23:14 UTC] PHP   3. require_once() C:\wamp64\www\blog-mgmt\wordpress\wp-blog-header.php:13
[14-Mar-2025 14:23:14 UTC] PHP   3. require_once() C:\wamp64\www\blog-mgmt\wordpress\wp-blog-header.php:13
[14-Mar-2025 14:23:14 UTC] PHP   4. require_once() C:\wamp64\www\blog-mgmt\wordpress\wp-load.php:50
[14-Mar-2025 14:23:14 UTC] PHP   4. require_once() C:\wamp64\www\blog-mgmt\wordpress\wp-load.php:50
[14-Mar-2025 14:23:14 UTC] PHP   5. require_once() C:\wamp64\www\blog-mgmt\wordpress\wp-config.php:108
[14-Mar-2025 14:23:14 UTC] PHP   5. require_once() C:\wamp64\www\blog-mgmt\wordpress\wp-config.php:108
[14-Mar-2025 14:23:14 UTC] PHP   6. include() C:\wamp64\www\blog-mgmt\wordpress\wp-settings.php:672
[14-Mar-2025 14:23:14 UTC] PHP   6. include() C:\wamp64\www\blog-mgmt\wordpress\wp-settings.php:672
[14-Mar-2025 14:23:14 UTC] PHP   7. require() C:\wamp64\www\blog-mgmt\wordpress\wp-content\themes\blog-mgmt\functions.php:186
[14-Mar-2025 14:23:14 UTC] PHP   7. require() C:\wamp64\www\blog-mgmt\wordpress\wp-content\themes\blog-mgmt\functions.php:186
[14-Mar-2025 14:23:14 UTC] PHP   8. register_rest_route($route_namespace = 'custom/v1', $route = '/blog-posts', $args = ['methods' => 'GET', 'callback' => 'blog_post_api_get_posts', 'permission_callback' => 'validate_jwt_token'], $override = *uninitialized*) C:\wamp64\www\blog-mgmt\wordpress\wp-content\themes\blog-mgmt\inc\rest-api.php:93
[14-Mar-2025 14:23:14 UTC] PHP   8. register_rest_route($route_namespace = 'custom/v1', $route = '/blog-posts', $args = ['methods' => 'GET', 'callback' => 'blog_post_api_get_posts', 'permission_callback' => 'validate_jwt_token'], $override = *uninitialized*) C:\wamp64\www\blog-mgmt\wordpress\wp-content\themes\blog-mgmt\inc\rest-api.php:93
[14-Mar-2025 14:23:14 UTC] PHP   9. _doing_it_wrong($function_name = 'register_rest_route', $message = 'REST API routes must be registered on the <code>rest_api_init</code> action. Instead route \'<code>/blog-posts</code>\' with namespace \'<code>custom/v1</code>\' was not registered on this action.', $version = '5.1.0') C:\wamp64\www\blog-mgmt\wordpress\wp-includes\rest-api.php:82
[14-Mar-2025 14:23:14 UTC] PHP   9. _doing_it_wrong($function_name = 'register_rest_route', $message = 'REST API routes must be registered on the <code>rest_api_init</code> action. Instead route \'<code>/blog-posts</code>\' with namespace \'<code>custom/v1</code>\' was not registered on this action.', $version = '5.1.0') C:\wamp64\www\blog-mgmt\wordpress\wp-includes\rest-api.php:82
[14-Mar-2025 14:23:14 UTC] PHP  10. wp_trigger_error($function_name = '', $message = 'Function register_rest_route was called <strong>incorrectly</strong>. REST API routes must be registered on the <code>rest_api_init</code> action. Instead route \'<code>/blog-posts</code>\' with namespace \'<code>custom/v1</code>\' was not registered on this action. Please see <a href="https://developer.wordpress.org/advanced-administration/debug/debug-wordpress/">Debugging in WordPress</a> for more information. (This message was added in version 5.1.0.)', $error_level = *uninitialized*) C:\wamp64\www\blog-mgmt\wordpress\wp-includes\functions.php:6054
[14-Mar-2025 14:23:14 UTC] PHP  10. wp_trigger_error($function_name = '', $message = 'Function register_rest_route was called <strong>incorrectly</strong>. REST API routes must be registered on the <code>rest_api_init</code> action. Instead route \'<code>/blog-posts</code>\' with namespace \'<code>custom/v1</code>\' was not registered on this action. Please see <a href="https://developer.wordpress.org/advanced-administration/debug/debug-wordpress/">Debugging in WordPress</a> for more information. (This message was added in version 5.1.0.)', $error_level = *uninitialized*) C:\wamp64\www\blog-mgmt\wordpress\wp-includes\functions.php:6054
[14-Mar-2025 14:23:14 UTC] PHP  11. trigger_error($message = 'Function register_rest_route was called <strong>incorrectly</strong>. REST API routes must be registered on the <code>rest_api_init</code> action. Instead route \'<code>/blog-posts</code>\' with namespace \'<code>custom/v1</code>\' was not registered on this action. Please see <a href="https://developer.wordpress.org/advanced-administration/debug/debug-wordpress/">Debugging in WordPress</a> for more information. (This message was added in version 5.1.0.)', $error_level = 1024) C:\wamp64\www\blog-mgmt\wordpress\wp-includes\functions.php:6114
[14-Mar-2025 14:23:14 UTC] PHP  11. trigger_error($message = 'Function register_rest_route was called <strong>incorrectly</strong>. REST API routes must be registered on the <code>rest_api_init</code> action. Instead route \'<code>/blog-posts</code>\' with namespace \'<code>custom/v1</code>\' was not registered on this action. Please see <a href="https://developer.wordpress.org/advanced-administration/debug/debug-wordpress/">Debugging in WordPress</a> for more information. (This message was added in version 5.1.0.)', $error_level = 1024) C:\wamp64\www\blog-mgmt\wordpress\wp-includes\functions.php:6114
[14-Mar-2025 14:23:14 UTC] PHP Fatal error:  Uncaught Error: Class "WP_Site_Health" not found in C:\wamp64\www\blog-mgmt\wordpress\wp-includes\rest-api.php:396
Stack trace:
#0 C:\wamp64\www\blog-mgmt\wordpress\wp-includes\class-wp-hook.php(324): create_initial_rest_routes(Object(WP_REST_Server))
#1 C:\wamp64\www\blog-mgmt\wordpress\wp-includes\class-wp-hook.php(348): WP_Hook->apply_filters(NULL, Array)
#2 C:\wamp64\www\blog-mgmt\wordpress\wp-includes\plugin.php(517): WP_Hook->do_action(Array)
#3 C:\wamp64\www\blog-mgmt\wordpress\wp-includes\rest-api.php(618): do_action('rest_api_init', Object(WP_REST_Server))
#4 C:\wamp64\www\blog-mgmt\wordpress\wp-includes\rest-api.php(154): rest_get_server()
#5 C:\wamp64\www\blog-mgmt\wordpress\wp-content\themes\blog-mgmt\inc\rest-api.php(93): register_rest_route('custom/v1', '/blog-posts', Array)
#6 C:\wamp64\www\blog-mgmt\wordpress\wp-content\themes\blog-mgmt\functions.php(186): require('C:\\wamp64\\www\\b...')
#7 C:\wamp64\www\blog-mgmt\wordpress\wp-settings.php(672): include('C:\\wamp64\\www\\b...')
#8 C:\wamp64\www\blog-mgmt\wordpress\wp-config.php(108): require_once('C:\\wamp64\\www\\b...')
#9 C:\wamp64\www\blog-mgmt\wordpress\wp-load.php(50): require_once('C:\\wamp64\\www\\b...')
#10 C:\wamp64\www\blog-mgmt\wordpress\wp-blog-header.php(13): require_once('C:\\wamp64\\www\\b...')
#11 C:\wamp64\www\blog-mgmt\wordpress\index.php(17): require('C:\\wamp64\\www\\b...')
#12 {main}
  thrown in C:\wamp64\www\blog-mgmt\wordpress\wp-includes\rest-api.php on line 396
[14-Mar-2025 14:23:14 UTC] PHP Fatal error:  Uncaught Error: Class "WP_Site_Health" not found in C:\wamp64\www\blog-mgmt\wordpress\wp-includes\rest-api.php:396
Stack trace:
#0 C:\wamp64\www\blog-mgmt\wordpress\wp-includes\class-wp-hook.php(324): create_initial_rest_routes(Object(WP_REST_Server))
#1 C:\wamp64\www\blog-mgmt\wordpress\wp-includes\class-wp-hook.php(348): WP_Hook->apply_filters(NULL, Array)
#2 C:\wamp64\www\blog-mgmt\wordpress\wp-includes\plugin.php(517): WP_Hook->do_action(Array)
#3 C:\wamp64\www\blog-mgmt\wordpress\wp-includes\rest-api.php(618): do_action('rest_api_init', Object(WP_REST_Server))
#4 C:\wamp64\www\blog-mgmt\wordpress\wp-includes\rest-api.php(154): rest_get_server()
#5 C:\wamp64\www\blog-mgmt\wordpress\wp-content\themes\blog-mgmt\inc\rest-api.php(93): register_rest_route('custom/v1', '/blog-posts', Array)
#6 C:\wamp64\www\blog-mgmt\wordpress\wp-content\themes\blog-mgmt\functions.php(186): require('C:\\wamp64\\www\\b...')
#7 C:\wamp64\www\blog-mgmt\wordpress\wp-settings.php(672): include('C:\\wamp64\\www\\b...')
#8 C:\wamp64\www\blog-mgmt\wordpress\wp-config.php(108): require_once('C:\\wamp64\\www\\b...')
#9 C:\wamp64\www\blog-mgmt\wordpress\wp-load.php(50): require_once('C:\\wamp64\\www\\b...')
#10 C:\wamp64\www\blog-mgmt\wordpress\wp-blog-header.php(13): require_once('C:\\wamp64\\www\\b...')
#11 C:\wamp64\www\blog-mgmt\wordpress\index.php(17): require('C:\\wamp64\\www\\b...')
#12 {main}
  thrown in C:\wamp64\www\blog-mgmt\wordpress\wp-includes\rest-api.php on line 396
[14-Mar-2025 14:23:19 UTC] PHP Notice:  Function register_rest_route was called <strong>incorrectly</strong>. REST API routes must be registered on the <code>rest_api_init</code> action. Instead route '<code>/blog-posts</code>' with namespace '<code>custom/v1</code>' was not registered on this action. Please see <a href="https://developer.wordpress.org/advanced-administration/debug/debug-wordpress/">Debugging in WordPress</a> for more information. (This message was added in version 5.1.0.) in C:\wamp64\www\blog-mgmt\wordpress\wp-includes\functions.php on line 6114
[14-Mar-2025 14:23:19 UTC] PHP Stack trace:
[14-Mar-2025 14:23:19 UTC] PHP   1. {main}() C:\wamp64\www\blog-mgmt\wordpress\index.php:0
[14-Mar-2025 14:23:19 UTC] PHP   2. require() C:\wamp64\www\blog-mgmt\wordpress\index.php:17
[14-Mar-2025 14:23:19 UTC] PHP   3. require_once() C:\wamp64\www\blog-mgmt\wordpress\wp-blog-header.php:13
[14-Mar-2025 14:23:19 UTC] PHP   4. require_once() C:\wamp64\www\blog-mgmt\wordpress\wp-load.php:50
[14-Mar-2025 14:23:19 UTC] PHP   5. require_once() C:\wamp64\www\blog-mgmt\wordpress\wp-config.php:108
[14-Mar-2025 14:23:19 UTC] PHP   6. include() C:\wamp64\www\blog-mgmt\wordpress\wp-settings.php:672
[14-Mar-2025 14:23:19 UTC] PHP   7. require() C:\wamp64\www\blog-mgmt\wordpress\wp-content\themes\blog-mgmt\functions.php:186
[14-Mar-2025 14:23:19 UTC] PHP   8. register_rest_route($route_namespace = 'custom/v1', $route = '/blog-posts', $args = ['methods' => 'GET', 'callback' => 'blog_post_api_get_posts', 'permission_callback' => 'validate_jwt_token'], $override = *uninitialized*) C:\wamp64\www\blog-mgmt\wordpress\wp-content\themes\blog-mgmt\inc\rest-api.php:93
[14-Mar-2025 14:23:19 UTC] PHP   9. _doing_it_wrong($function_name = 'register_rest_route', $message = 'REST API routes must be registered on the <code>rest_api_init</code> action. Instead route \'<code>/blog-posts</code>\' with namespace \'<code>custom/v1</code>\' was not registered on this action.', $version = '5.1.0') C:\wamp64\www\blog-mgmt\wordpress\wp-includes\rest-api.php:82
[14-Mar-2025 14:23:19 UTC] PHP  10. wp_trigger_error($function_name = '', $message = 'Function register_rest_route was called <strong>incorrectly</strong>. REST API routes must be registered on the <code>rest_api_init</code> action. Instead route \'<code>/blog-posts</code>\' with namespace \'<code>custom/v1</code>\' was not registered on this action. Please see <a href="https://developer.wordpress.org/advanced-administration/debug/debug-wordpress/">Debugging in WordPress</a> for more information. (This message was added in version 5.1.0.)', $error_level = *uninitialized*) C:\wamp64\www\blog-mgmt\wordpress\wp-includes\functions.php:6054
[14-Mar-2025 14:23:19 UTC] PHP  11. trigger_error($message = 'Function register_rest_route was called <strong>incorrectly</strong>. REST API routes must be registered on the <code>rest_api_init</code> action. Instead route \'<code>/blog-posts</code>\' with namespace \'<code>custom/v1</code>\' was not registered on this action. Please see <a href="https://developer.wordpress.org/advanced-administration/debug/debug-wordpress/">Debugging in WordPress</a> for more information. (This message was added in version 5.1.0.)', $error_level = 1024) C:\wamp64\www\blog-mgmt\wordpress\wp-includes\functions.php:6114
[14-Mar-2025 14:23:19 UTC] PHP Fatal error:  Uncaught Error: Class "WP_Site_Health" not found in C:\wamp64\www\blog-mgmt\wordpress\wp-includes\rest-api.php:396
Stack trace:
#0 C:\wamp64\www\blog-mgmt\wordpress\wp-includes\class-wp-hook.php(324): create_initial_rest_routes(Object(WP_REST_Server))
#1 C:\wamp64\www\blog-mgmt\wordpress\wp-includes\class-wp-hook.php(348): WP_Hook->apply_filters(NULL, Array)
#2 C:\wamp64\www\blog-mgmt\wordpress\wp-includes\plugin.php(517): WP_Hook->do_action(Array)
#3 C:\wamp64\www\blog-mgmt\wordpress\wp-includes\rest-api.php(618): do_action('rest_api_init', Object(WP_REST_Server))
#4 C:\wamp64\www\blog-mgmt\wordpress\wp-includes\rest-api.php(154): rest_get_server()
#5 C:\wamp64\www\blog-mgmt\wordpress\wp-content\themes\blog-mgmt\inc\rest-api.php(93): register_rest_route('custom/v1', '/blog-posts', Array)
#6 C:\wamp64\www\blog-mgmt\wordpress\wp-content\themes\blog-mgmt\functions.php(186): require('C:\\wamp64\\www\\b...')
#7 C:\wamp64\www\blog-mgmt\wordpress\wp-settings.php(672): include('C:\\wamp64\\www\\b...')
#8 C:\wamp64\www\blog-mgmt\wordpress\wp-config.php(108): require_once('C:\\wamp64\\www\\b...')
#9 C:\wamp64\www\blog-mgmt\wordpress\wp-load.php(50): require_once('C:\\wamp64\\www\\b...')
#10 C:\wamp64\www\blog-mgmt\wordpress\wp-blog-header.php(13): require_once('C:\\wamp64\\www\\b...')
#11 C:\wamp64\www\blog-mgmt\wordpress\index.php(17): require('C:\\wamp64\\www\\b...')
#12 {main}
  thrown in C:\wamp64\www\blog-mgmt\wordpress\wp-includes\rest-api.php on line 396
[14-Mar-2025 14:23:20 UTC] PHP Notice:  Function register_rest_route was called <strong>incorrectly</strong>. REST API routes must be registered on the <code>rest_api_init</code> action. Instead route '<code>/blog-posts</code>' with namespace '<code>custom/v1</code>' was not registered on this action. Please see <a href="https://developer.wordpress.org/advanced-administration/debug/debug-wordpress/">Debugging in WordPress</a> for more information. (This message was added in version 5.1.0.) in C:\wamp64\www\blog-mgmt\wordpress\wp-includes\functions.php on line 6114
[14-Mar-2025 14:23:20 UTC] PHP Stack trace:
[14-Mar-2025 14:23:20 UTC] PHP   1. {main}() C:\wamp64\www\blog-mgmt\wordpress\index.php:0
[14-Mar-2025 14:23:20 UTC] PHP   2. require() C:\wamp64\www\blog-mgmt\wordpress\index.php:17
[14-Mar-2025 14:23:20 UTC] PHP   3. require_once() C:\wamp64\www\blog-mgmt\wordpress\wp-blog-header.php:13
[14-Mar-2025 14:23:20 UTC] PHP   4. require_once() C:\wamp64\www\blog-mgmt\wordpress\wp-load.php:50
[14-Mar-2025 14:23:20 UTC] PHP   5. require_once() C:\wamp64\www\blog-mgmt\wordpress\wp-config.php:108
[14-Mar-2025 14:23:20 UTC] PHP   6. include() C:\wamp64\www\blog-mgmt\wordpress\wp-settings.php:672
[14-Mar-2025 14:23:20 UTC] PHP   7. require() C:\wamp64\www\blog-mgmt\wordpress\wp-content\themes\blog-mgmt\functions.php:186
[14-Mar-2025 14:23:20 UTC] PHP   8. register_rest_route($route_namespace = 'custom/v1', $route = '/blog-posts', $args = ['methods' => 'GET', 'callback' => 'blog_post_api_get_posts', 'permission_callback' => 'validate_jwt_token'], $override = *uninitialized*) C:\wamp64\www\blog-mgmt\wordpress\wp-content\themes\blog-mgmt\inc\rest-api.php:93
[14-Mar-2025 14:23:20 UTC] PHP   9. _doing_it_wrong($function_name = 'register_rest_route', $message = 'REST API routes must be registered on the <code>rest_api_init</code> action. Instead route \'<code>/blog-posts</code>\' with namespace \'<code>custom/v1</code>\' was not registered on this action.', $version = '5.1.0') C:\wamp64\www\blog-mgmt\wordpress\wp-includes\rest-api.php:82
[14-Mar-2025 14:23:20 UTC] PHP  10. wp_trigger_error($function_name = '', $message = 'Function register_rest_route was called <strong>incorrectly</strong>. REST API routes must be registered on the <code>rest_api_init</code> action. Instead route \'<code>/blog-posts</code>\' with namespace \'<code>custom/v1</code>\' was not registered on this action. Please see <a href="https://developer.wordpress.org/advanced-administration/debug/debug-wordpress/">Debugging in WordPress</a> for more information. (This message was added in version 5.1.0.)', $error_level = *uninitialized*) C:\wamp64\www\blog-mgmt\wordpress\wp-includes\functions.php:6054
[14-Mar-2025 14:23:20 UTC] PHP  11. trigger_error($message = 'Function register_rest_route was called <strong>incorrectly</strong>. REST API routes must be registered on the <code>rest_api_init</code> action. Instead route \'<code>/blog-posts</code>\' with namespace \'<code>custom/v1</code>\' was not registered on this action. Please see <a href="https://developer.wordpress.org/advanced-administration/debug/debug-wordpress/">Debugging in WordPress</a> for more information. (This message was added in version 5.1.0.)', $error_level = 1024) C:\wamp64\www\blog-mgmt\wordpress\wp-includes\functions.php:6114
[14-Mar-2025 14:23:20 UTC] PHP Fatal error:  Uncaught Error: Class "WP_Site_Health" not found in C:\wamp64\www\blog-mgmt\wordpress\wp-includes\rest-api.php:396
Stack trace:
#0 C:\wamp64\www\blog-mgmt\wordpress\wp-includes\class-wp-hook.php(324): create_initial_rest_routes(Object(WP_REST_Server))
#1 C:\wamp64\www\blog-mgmt\wordpress\wp-includes\class-wp-hook.php(348): WP_Hook->apply_filters(NULL, Array)
#2 C:\wamp64\www\blog-mgmt\wordpress\wp-includes\plugin.php(517): WP_Hook->do_action(Array)
#3 C:\wamp64\www\blog-mgmt\wordpress\wp-includes\rest-api.php(618): do_action('rest_api_init', Object(WP_REST_Server))
#4 C:\wamp64\www\blog-mgmt\wordpress\wp-includes\rest-api.php(154): rest_get_server()
#5 C:\wamp64\www\blog-mgmt\wordpress\wp-content\themes\blog-mgmt\inc\rest-api.php(93): register_rest_route('custom/v1', '/blog-posts', Array)
#6 C:\wamp64\www\blog-mgmt\wordpress\wp-content\themes\blog-mgmt\functions.php(186): require('C:\\wamp64\\www\\b...')
#7 C:\wamp64\www\blog-mgmt\wordpress\wp-settings.php(672): include('C:\\wamp64\\www\\b...')
#8 C:\wamp64\www\blog-mgmt\wordpress\wp-config.php(108): require_once('C:\\wamp64\\www\\b...')
#9 C:\wamp64\www\blog-mgmt\wordpress\wp-load.php(50): require_once('C:\\wamp64\\www\\b...')
#10 C:\wamp64\www\blog-mgmt\wordpress\wp-blog-header.php(13): require_once('C:\\wamp64\\www\\b...')
#11 C:\wamp64\www\blog-mgmt\wordpress\index.php(17): require('C:\\wamp64\\www\\b...')
#12 {main}
  thrown in C:\wamp64\www\blog-mgmt\wordpress\wp-includes\rest-api.php on line 396
[14-Mar-2025 14:23:37 UTC] PHP Notice:  Function register_rest_route was called <strong>incorrectly</strong>. REST API routes must be registered on the <code>rest_api_init</code> action. Instead route '<code>/blog-posts</code>' with namespace '<code>custom/v1</code>' was not registered on this action. Please see <a href="https://developer.wordpress.org/advanced-administration/debug/debug-wordpress/">Debugging in WordPress</a> for more information. (This message was added in version 5.1.0.) in C:\wamp64\www\blog-mgmt\wordpress\wp-includes\functions.php on line 6114
[14-Mar-2025 14:23:37 UTC] PHP Stack trace:
[14-Mar-2025 14:23:37 UTC] PHP   1. {main}() C:\wamp64\www\blog-mgmt\wordpress\wp-admin\admin-ajax.php:0
[14-Mar-2025 14:23:37 UTC] PHP   2. require_once() C:\wamp64\www\blog-mgmt\wordpress\wp-admin\admin-ajax.php:22
[14-Mar-2025 14:23:37 UTC] PHP   3. require_once() C:\wamp64\www\blog-mgmt\wordpress\wp-load.php:50
[14-Mar-2025 14:23:37 UTC] PHP   4. require_once() C:\wamp64\www\blog-mgmt\wordpress\wp-config.php:108
[14-Mar-2025 14:23:37 UTC] PHP   5. include() C:\wamp64\www\blog-mgmt\wordpress\wp-settings.php:672
[14-Mar-2025 14:23:37 UTC] PHP   6. require() C:\wamp64\www\blog-mgmt\wordpress\wp-content\themes\blog-mgmt\functions.php:186
[14-Mar-2025 14:23:37 UTC] PHP   7. register_rest_route($route_namespace = 'custom/v1', $route = '/blog-posts', $args = ['methods' => 'GET', 'callback' => 'blog_post_api_get_posts', 'permission_callback' => 'validate_jwt_token'], $override = *uninitialized*) C:\wamp64\www\blog-mgmt\wordpress\wp-content\themes\blog-mgmt\inc\rest-api.php:93
[14-Mar-2025 14:23:37 UTC] PHP   8. _doing_it_wrong($function_name = 'register_rest_route', $message = 'REST API routes must be registered on the <code>rest_api_init</code> action. Instead route \'<code>/blog-posts</code>\' with namespace \'<code>custom/v1</code>\' was not registered on this action.', $version = '5.1.0') C:\wamp64\www\blog-mgmt\wordpress\wp-includes\rest-api.php:82
[14-Mar-2025 14:23:37 UTC] PHP   9. wp_trigger_error($function_name = '', $message = 'Function register_rest_route was called <strong>incorrectly</strong>. REST API routes must be registered on the <code>rest_api_init</code> action. Instead route \'<code>/blog-posts</code>\' with namespace \'<code>custom/v1</code>\' was not registered on this action. Please see <a href="https://developer.wordpress.org/advanced-administration/debug/debug-wordpress/">Debugging in WordPress</a> for more information. (This message was added in version 5.1.0.)', $error_level = *uninitialized*) C:\wamp64\www\blog-mgmt\wordpress\wp-includes\functions.php:6054
[14-Mar-2025 14:23:37 UTC] PHP  10. trigger_error($message = 'Function register_rest_route was called <strong>incorrectly</strong>. REST API routes must be registered on the <code>rest_api_init</code> action. Instead route \'<code>/blog-posts</code>\' with namespace \'<code>custom/v1</code>\' was not registered on this action. Please see <a href="https://developer.wordpress.org/advanced-administration/debug/debug-wordpress/">Debugging in WordPress</a> for more information. (This message was added in version 5.1.0.)', $error_level = 1024) C:\wamp64\www\blog-mgmt\wordpress\wp-includes\functions.php:6114
[14-Mar-2025 14:23:37 UTC] PHP Fatal error:  Uncaught Error: Class "WP_Site_Health" not found in C:\wamp64\www\blog-mgmt\wordpress\wp-includes\rest-api.php:396
Stack trace:
#0 C:\wamp64\www\blog-mgmt\wordpress\wp-includes\class-wp-hook.php(324): create_initial_rest_routes(Object(WP_REST_Server))
#1 C:\wamp64\www\blog-mgmt\wordpress\wp-includes\class-wp-hook.php(348): WP_Hook->apply_filters(NULL, Array)
#2 C:\wamp64\www\blog-mgmt\wordpress\wp-includes\plugin.php(517): WP_Hook->do_action(Array)
#3 C:\wamp64\www\blog-mgmt\wordpress\wp-includes\rest-api.php(618): do_action('rest_api_init', Object(WP_REST_Server))
#4 C:\wamp64\www\blog-mgmt\wordpress\wp-includes\rest-api.php(154): rest_get_server()
#5 C:\wamp64\www\blog-mgmt\wordpress\wp-content\themes\blog-mgmt\inc\rest-api.php(93): register_rest_route('custom/v1', '/blog-posts', Array)
#6 C:\wamp64\www\blog-mgmt\wordpress\wp-content\themes\blog-mgmt\functions.php(186): require('C:\\wamp64\\www\\b...')
#7 C:\wamp64\www\blog-mgmt\wordpress\wp-settings.php(672): include('C:\\wamp64\\www\\b...')
#8 C:\wamp64\www\blog-mgmt\wordpress\wp-config.php(108): require_once('C:\\wamp64\\www\\b...')
#9 C:\wamp64\www\blog-mgmt\wordpress\wp-load.php(50): require_once('C:\\wamp64\\www\\b...')
#10 C:\wamp64\www\blog-mgmt\wordpress\wp-admin\admin-ajax.php(22): require_once('C:\\wamp64\\www\\b...')
#11 {main}
  thrown in C:\wamp64\www\blog-mgmt\wordpress\wp-includes\rest-api.php on line 396
[14-Mar-2025 19:36:42 UTC] PHP Deprecated:  Function wp_update_https_detection_errors is <strong>deprecated</strong> since version 6.4.0 with no alternative available. in C:\wamp64\www\blog-mgmt\wordpress\wp-includes\functions.php on line 6114
[14-Mar-2025 19:36:42 UTC] PHP Stack trace:
[14-Mar-2025 19:36:42 UTC] PHP   1. {main}() C:\wamp64\www\blog-mgmt\wordpress\wp-cron.php:0
[14-Mar-2025 19:36:42 UTC] PHP   2. do_action_ref_array($hook_name = 'wp_site_health_scheduled_check', $args = []) C:\wamp64\www\blog-mgmt\wordpress\wp-cron.php:191
[14-Mar-2025 19:36:42 UTC] PHP   3. WP_Hook->do_action($args = []) C:\wamp64\www\blog-mgmt\wordpress\wp-includes\plugin.php:565
[14-Mar-2025 19:36:42 UTC] PHP   4. WP_Hook->apply_filters($value = '', $args = []) C:\wamp64\www\blog-mgmt\wordpress\wp-includes\class-wp-hook.php:348
[14-Mar-2025 19:36:42 UTC] PHP   5. WP_Site_Health->wp_cron_scheduled_check() C:\wamp64\www\blog-mgmt\wordpress\wp-includes\class-wp-hook.php:324
[14-Mar-2025 19:36:42 UTC] PHP   6. WP_Site_Health->perform_test($callback = [0 => class WP_Site_Health { private $is_acceptable_mysql_version = TRUE; private $is_recommended_mysql_version = TRUE; public $is_mariadb = FALSE; private $mysql_server_version = '8.0.31'; private $mysql_required_version = '5.5'; private $mysql_recommended_version = '8.0'; private $mariadb_recommended_version = '10.5'; public $php_memory_limit = '128M'; public $schedules = [...]; public $crons = [...]; public $last_missed_cron = NULL; public $last_late_cron = 'recovery_mode_clean_expired_keys'; private $timeout_missed_cron = -300; private $timeout_late_cron = 0 }, 1 => 'get_test_https_status']) C:\wamp64\www\blog-mgmt\wordpress\wp-admin\includes\class-wp-site-health.php:3240
[14-Mar-2025 19:36:42 UTC] PHP   7. WP_Site_Health->get_test_https_status() C:\wamp64\www\blog-mgmt\wordpress\wp-admin\includes\class-wp-site-health.php:194
[14-Mar-2025 19:36:42 UTC] PHP   8. wp_is_https_supported() C:\wamp64\www\blog-mgmt\wordpress\wp-admin\includes\class-wp-site-health.php:1519
[14-Mar-2025 19:36:42 UTC] PHP   9. wp_update_https_detection_errors() C:\wamp64\www\blog-mgmt\wordpress\wp-includes\https-detection.php:75
[14-Mar-2025 19:36:42 UTC] PHP  10. _deprecated_function($function_name = 'wp_update_https_detection_errors', $version = '6.4.0', $replacement = *uninitialized*) C:\wamp64\www\blog-mgmt\wordpress\wp-includes\deprecated.php:5990
[14-Mar-2025 19:36:42 UTC] PHP  11. wp_trigger_error($function_name = '', $message = 'Function wp_update_https_detection_errors is <strong>deprecated</strong> since version 6.4.0 with no alternative available.', $error_level = 16384) C:\wamp64\www\blog-mgmt\wordpress\wp-includes\functions.php:5579
[14-Mar-2025 19:36:42 UTC] PHP  12. trigger_error($message = 'Function wp_update_https_detection_errors is <strong>deprecated</strong> since version 6.4.0 with no alternative available.', $error_level = 16384) C:\wamp64\www\blog-mgmt\wordpress\wp-includes\functions.php:6114
[14-Mar-2025 20:36:37 UTC] Automatic updates starting...
[14-Mar-2025 20:36:39 UTC]   Automatic plugin updates starting...
[14-Mar-2025 20:36:39 UTC]   Automatic plugin updates complete.
[14-Mar-2025 20:36:40 UTC]   Automatic theme updates starting...
[14-Mar-2025 20:36:40 UTC]   Automatic theme updates complete.
[14-Mar-2025 20:36:40 UTC] Automatic updates complete.
